2021-06-14 18:05:07 INFO  .:69 - The execution of method loadFiles started here ...
2021-06-14 18:05:07 INFO  .:84 - The execution of method loadFiles ended here ...
2021-06-14 18:05:11 INFO  .:86 - The execution of method navigate started here ...
2021-06-14 18:05:19 INFO  .:98 - The execution of method navigate ended here ...
2021-06-14 18:05:19 INFO  .:166 - In Test Scenario Login the method navigate execution status is :Pass
2021-06-14 18:05:19 INFO  .:32 - The execution of method login started here ...
2021-06-14 18:05:24 INFO  .:50 - The execution of method login ended here ...
2021-06-14 18:05:24 INFO  .:166 - In Test Scenario Login the method login execution status is :Pass
2021-06-14 18:05:26 INFO  .:166 - In Test Scenario Login the method minimizeFlyOutWindow execution status is :Pass
2021-06-14 18:05:27 INFO  .:76 - The execution of method logout started here ...
2021-06-14 18:05:31 INFO  .:88 - The execution of method logout ended here ...
2021-06-14 18:05:31 INFO  .:166 - In Test Scenario Login the method logout execution status is :Pass
2021-06-14 18:05:31 INFO  .:121 - The execution of method closeApplication started here ...
2021-06-14 18:05:31 INFO  .:124 - The execution of method closeApplication ended here ...
2021-06-14 18:05:31 INFO  .:166 - In Test Scenario Login the method closeApplication execution status is :Pass
2021-06-14 18:05:31 INFO  .:180 - +++++++++++++++++++++++++++++++
2021-06-14 18:05:33 INFO  .:86 - The execution of method navigate started here ...
2021-06-14 18:05:40 INFO  .:98 - The execution of method navigate ended here ...
2021-06-14 18:05:40 INFO  .:166 - In Test Scenario CreateUser the method navigate execution status is :Pass
2021-06-14 18:05:41 INFO  .:32 - The execution of method login started here ...
2021-06-14 18:05:46 INFO  .:50 - The execution of method login ended here ...
2021-06-14 18:05:46 INFO  .:166 - In Test Scenario CreateUser the method login execution status is :Pass
2021-06-14 18:05:48 INFO  .:166 - In Test Scenario CreateUser the method minimizeFlyOutWindow execution status is :Pass
2021-06-14 18:05:48 INFO  .:32 - The execution of method createUser started here ...
2021-06-14 18:05:59 INFO  .:60 - The execution of method createUser ended here ...
2021-06-14 18:05:59 INFO  .:166 - In Test Scenario CreateUser the method createUser execution status is :Pass
2021-06-14 18:05:59 INFO  .:131 - The execution of method deleteUser started here ...
2021-06-14 18:06:08 INFO  .:147 - The execution of method deleteUser ended here ...
2021-06-14 18:06:08 INFO  .:166 - In Test Scenario CreateUser the method deleteUser execution status is :Pass
2021-06-14 18:06:08 INFO  .:76 - The execution of method logout started here ...
2021-06-14 18:06:13 INFO  .:88 - The execution of method logout ended here ...
2021-06-14 18:06:13 INFO  .:166 - In Test Scenario CreateUser the method logout execution status is :Pass
2021-06-14 18:06:13 INFO  .:121 - The execution of method closeApplication started here ...
2021-06-14 18:06:13 INFO  .:124 - The execution of method closeApplication ended here ...
2021-06-14 18:06:13 INFO  .:166 - In Test Scenario CreateUser the method closeApplication execution status is :Pass
2021-06-14 18:06:13 INFO  .:180 - +++++++++++++++++++++++++++++++
2021-06-14 18:06:15 INFO  .:86 - The execution of method navigate started here ...
2021-06-14 18:06:22 INFO  .:98 - The execution of method navigate ended here ...
2021-06-14 18:06:22 INFO  .:166 - In Test Scenario ModifyUser the method navigate execution status is :Pass
2021-06-14 18:06:22 INFO  .:32 - The execution of method login started here ...
2021-06-14 18:06:28 INFO  .:50 - The execution of method login ended here ...
2021-06-14 18:06:28 INFO  .:166 - In Test Scenario ModifyUser the method login execution status is :Pass
2021-06-14 18:06:30 INFO  .:166 - In Test Scenario ModifyUser the method minimizeFlyOutWindow execution status is :Pass
2021-06-14 18:06:30 INFO  .:32 - The execution of method createUser started here ...
2021-06-14 18:06:40 INFO  .:60 - The execution of method createUser ended here ...
2021-06-14 18:06:40 INFO  .:166 - In Test Scenario ModifyUser the method createUser execution status is :Pass
2021-06-14 18:06:40 INFO  .:86 - The execution of method modifyUser started here ...
2021-06-14 18:06:50 INFO  .:106 - The execution of method modifyUser ended here ...
2021-06-14 18:06:50 INFO  .:166 - In Test Scenario ModifyUser the method modifyUser execution status is :Fail
2021-06-14 18:06:50 INFO  .:131 - The execution of method deleteUser started here ...
2021-06-14 18:06:59 INFO  .:147 - The execution of method deleteUser ended here ...
2021-06-14 18:06:59 INFO  .:166 - In Test Scenario ModifyUser the method deleteUser execution status is :Pass
2021-06-14 18:07:00 INFO  .:76 - The execution of method logout started here ...
2021-06-14 18:07:04 INFO  .:88 - The execution of method logout ended here ...
2021-06-14 18:07:04 INFO  .:166 - In Test Scenario ModifyUser the method logout execution status is :Pass
2021-06-14 18:07:04 INFO  .:121 - The execution of method closeApplication started here ...
2021-06-14 18:07:04 INFO  .:124 - The execution of method closeApplication ended here ...
2021-06-14 18:07:04 INFO  .:166 - In Test Scenario ModifyUser the method closeApplication execution status is :Pass
2021-06-14 18:07:04 INFO  .:180 - +++++++++++++++++++++++++++++++
2021-06-14 18:07:04 INFO  .:180 - +++++++++++++++++++++++++++++++
2021-06-14 18:07:04 INFO  .:180 - +++++++++++++++++++++++++++++++
2021-06-14 18:07:04 INFO  .:180 - +++++++++++++++++++++++++++++++
2021-06-14 18:07:04 INFO  .:180 - +++++++++++++++++++++++++++++++
2021-06-14 18:07:04 INFO  .:183 - The execution of method executeTestScenarios ended here ...
2021-06-14 18:07:04 INFO  .:205 - The execution of method endAutomationSuite ended here ...
2021-06-14 18:07:04 INFO  .:208 - The execution of method endAutomationSuite ended here ...
